生成启动时间为 2018/7/6 10:14:01。
     1>项目“E:\personal-CPlusPlus\SolveString\SolveString\SolveString.vcxproj”在节点 2 上(build 个目标)。
     1>InitializeBuildStatus:
         正在对“Debug\SolveString.unsuccessfulbuild”执行 Touch 任务。
       ClCompile:
         C:\Program Files (x86)\Microsoft Visual Studio 10.0\VC\bin\CL.exe /c /I../SolveString/SolveString /ZI /nologo /W3 /WX- /Od /Oy- /D _MBCS /Gm /EHsc /RTC1 /MDd /GS /fp:precise /Zc:wchar_t /Zc:forScope /Fo"Debug\\" /Fd"Debug\vc100.pdb" /Gd /TP /analyze- /errorReport:prompt Match.cpp
         Match.cpp
     1>e:\personal-cplusplus\solvestring\solvestring\match.cpp(66): warning C4996: 'strcpy': This function or variable may be unsafe. Consider using strcpy_s instead. To disable deprecation, use _CRT_SECURE_NO_WARNINGS. See online help for details.
                 c:\program files (x86)\microsoft visual studio 10.0\vc\include\string.h(105) : 参见“strcpy”的声明
       Link:
         C:\Program Files (x86)\Microsoft Visual Studio 10.0\VC\bin\link.exe /ERRORREPORT:PROMPT /OUT:"E:\personal-CPlusPlus\SolveString\Debug\SolveString.exe" /NOLOGO kernel32.lib user32.lib gdi32.lib winspool.lib comdlg32.lib advapi32.lib shell32.lib ole32.lib oleaut32.lib uuid.lib odbc32.lib odbccp32.lib /MANIFEST /ManifestFile:"Debug\SolveString.exe.intermediate.manifest" /MANIFESTUAC:"level='asInvoker' uiAccess='false'" /DEBUG /PDB:"E:\personal-CPlusPlus\SolveString\Debug\SolveString.pdb" /TLBID:1 /DYNAMICBASE /NXCOMPAT /IMPLIB:"E:\personal-CPlusPlus\SolveString\Debug\SolveString.lib" /MACHINE:X86 Debug\Main.obj
         Debug\Match.obj
         LINK : 没有找到 E:\personal-CPlusPlus\SolveString\Debug\SolveString.exe 或上一个增量链接没有生成它；正在执行完全链接
         SolveString.vcxproj -> E:\personal-CPlusPlus\SolveString\Debug\SolveString.exe
       Manifest:
         C:\Program Files (x86)\Microsoft SDKs\Windows\v7.0A\bin\mt.exe /nologo /verbose /outputresource:"E:\personal-CPlusPlus\SolveString\Debug\SolveString.exe;#1" /manifest Debug\SolveString.exe.intermediate.manifest
       FinalizeBuildStatus:
         正在删除文件“Debug\SolveString.unsuccessfulbuild”。
         正在对“Debug\SolveString.lastbuildstate”执行 Touch 任务。
     1>已完成生成项目“E:\personal-CPlusPlus\SolveString\SolveString\SolveString.vcxproj”(build 个目标)的操作。

生成成功。

已用时间 00:00:00.70
