生成启动时间为 2018/7/2 15:21:17。
     1>项目“E:\personal-CPlusPlus\HelloWord\HelloWord\HelloWord.vcxproj”在节点 2 上(build 个目标)。
     1>InitializeBuildStatus:
         正在创建“Debug\HelloWord.unsuccessfulbuild”，因为已指定“AlwaysCreate”。
       ClCompile:
         C:\Program Files (x86)\Microsoft Visual Studio 10.0\VC\bin\CL.exe /c /ZI /nologo /W3 /WX- /Od /Oy- /D _MBCS /Gm /EHsc /RTC1 /MDd /GS /fp:precise /Zc:wchar_t /Zc:forScope /Fo"Debug\\" /Fd"Debug\vc100.pdb" /Gd /TP /analyze- /errorReport:prompt Main.cpp
         Main.cpp
     1>e:\personal-cplusplus\helloword\helloword\main.cpp(31): warning C4101: “androidBook”: 未引用的局部变量
       Link:
         C:\Program Files (x86)\Microsoft Visual Studio 10.0\VC\bin\link.exe /ERRORREPORT:PROMPT /OUT:"E:\personal-CPlusPlus\HelloWord\Debug\HelloWord.exe" /NOLOGO kernel32.lib user32.lib gdi32.lib winspool.lib comdlg32.lib advapi32.lib shell32.lib ole32.lib oleaut32.lib uuid.lib odbc32.lib odbccp32.lib /MANIFEST /ManifestFile:"Debug\HelloWord.exe.intermediate.manifest" /MANIFESTUAC:"level='asInvoker' uiAccess='false'" /DEBUG /PDB:"E:\personal-CPlusPlus\HelloWord\Debug\HelloWord.pdb" /TLBID:1 /DYNAMICBASE /NXCOMPAT /IMPLIB:"E:\personal-CPlusPlus\HelloWord\Debug\HelloWord.lib" /MACHINE:X86 Debug\DataType.obj
         Debug\Main.obj
         LINK : 没有找到 E:\personal-CPlusPlus\HelloWord\Debug\HelloWord.exe 或上一个增量链接没有生成它；正在执行完全链接
         HelloWord.vcxproj -> E:\personal-CPlusPlus\HelloWord\Debug\HelloWord.exe
       Manifest:
         C:\Program Files (x86)\Microsoft SDKs\Windows\v7.0A\bin\mt.exe /nologo /verbose /outputresource:"E:\personal-CPlusPlus\HelloWord\Debug\HelloWord.exe;#1" /manifest Debug\HelloWord.exe.intermediate.manifest
       FinalizeBuildStatus:
         正在删除文件“Debug\HelloWord.unsuccessfulbuild”。
         正在对“Debug\HelloWord.lastbuildstate”执行 Touch 任务。
     1>已完成生成项目“E:\personal-CPlusPlus\HelloWord\HelloWord\HelloWord.vcxproj”(build 个目标)的操作。

生成成功。

已用时间 00:00:00.73
